platforms/android/app/build/intermediates/manifest_merge_blame_file/debug/manifest-merger-blame-debug-report.txt
1<?xml version="1.0" encoding="utf-8"?>
2<manifest xmlns:android="http://schemas.android.com/apk/res/android"
3    package="come.session.assignment"
4    android:hardwareAccelerated="true"
5    android:versionCode="10000"
6    android:versionName="1.0.0" >
7
8    <uses-sdk
9        android:minSdkVersion="24"
9-->src\main\AndroidManifest.xml
10        android:targetSdkVersion="33" />
10-->src\main\AndroidManifest.xml
11
12    <supports-screens
12-->src\main\AndroidManifest.xml:3:5-191
13        android:anyDensity="true"
13-->src\main\AndroidManifest.xml:3:23-48
14        android:largeScreens="true"
14-->src\main\AndroidManifest.xml:3:49-76
15        android:normalScreens="true"
15-->src\main\AndroidManifest.xml:3:77-105
16        android:resizeable="true"
16-->src\main\AndroidManifest.xml:3:106-131
17        android:smallScreens="true"
17-->src\main\AndroidManifest.xml:3:132-159
18        android:xlargeScreens="true" />
18-->src\main\AndroidManifest.xml:3:160-188
19
20    <uses-permission android:name="android.permission.INTERNET" />
20-->src\main\AndroidManifest.xml:4:5-67
20-->src\main\AndroidManifest.xml:4:22-64
21    <uses-permission android:name="android.permission.ACCESS_COARSE_LOCATION" />
21-->src\main\AndroidManifest.xml:24:5-81
21-->src\main\AndroidManifest.xml:24:22-78
22    <uses-permission android:name="android.permission.ACCESS_FINE_LOCATION" />
22-->src\main\AndroidManifest.xml:25:5-79
22-->src\main\AndroidManifest.xml:25:22-76
23
24    <uses-feature
24-->src\main\AndroidManifest.xml:26:5-90
25        android:name="android.hardware.location.gps"
25-->src\main\AndroidManifest.xml:26:19-63
26        android:required="true" />
26-->src\main\AndroidManifest.xml:26:64-87
27
28    <uses-permission android:name="android.permission.WRITE_EXTERNAL_STORAGE" />
28-->src\main\AndroidManifest.xml:27:5-81
28-->src\main\AndroidManifest.xml:27:22-78
29
30    <queries>
30-->src\main\AndroidManifest.xml:28:5-42:15
31        <intent>
31-->src\main\AndroidManifest.xml:29:9-31:18
32            <action android:name="android.media.action.IMAGE_CAPTURE" />
32-->src\main\AndroidManifest.xml:30:13-73
32-->src\main\AndroidManifest.xml:30:21-70
33        </intent>
34        <intent>
34-->src\main\AndroidManifest.xml:32:9-34:18
35            <action android:name="android.intent.action.GET_CONTENT" />
35-->src\main\AndroidManifest.xml:33:13-72
35-->src\main\AndroidManifest.xml:33:21-69
36        </intent>
37        <intent>
37-->src\main\AndroidManifest.xml:35:9-37:18
38            <action android:name="android.intent.action.PICK" />
38-->src\main\AndroidManifest.xml:36:13-65
38-->src\main\AndroidManifest.xml:36:21-62
39        </intent>
40        <intent>
40-->src\main\AndroidManifest.xml:38:9-41:18
41            <action android:name="com.android.camera.action.CROP" />
41-->src\main\AndroidManifest.xml:39:13-69
41-->src\main\AndroidManifest.xml:39:21-66
42
43            <data
43-->src\main\AndroidManifest.xml:40:13-73
44                android:mimeType="image/*"
44-->src\main\AndroidManifest.xml:40:19-45
45                android:scheme="content" />
45-->src\main\AndroidManifest.xml:40:46-70
46        </intent>
47    </queries>
48
49    <uses-permission android:name="android.permission.ACCESS_NETWORK_STATE" />
49-->[com.google.firebase:firebase-messaging:23.0.6] AndroidManifest.xml:25:5-79
49-->[com.google.firebase:firebase-messaging:23.0.6] AndroidManifest.xml:25:22-76
50    <uses-permission android:name="android.permission.POST_NOTIFICATIONS" />
50-->[com.google.firebase:firebase-messaging:23.0.6] AndroidManifest.xml:26:5-77
50-->[com.google.firebase:firebase-messaging:23.0.6] AndroidManifest.xml:26:22-74
51    <uses-permission android:name="android.permission.WAKE_LOCK" /> <!-- Required by older versions of Google Play services to create IID tokens -->
51-->[com.google.firebase:firebase-messaging:23.0.6] AndroidManifest.xml:27:5-68
51-->[com.google.firebase:firebase-messaging:23.0.6] AndroidManifest.xml:27:22-65
52    <uses-permission android:name="com.google.android.c2dm.permission.RECEIVE" />
52-->[com.google.firebase:firebase-messaging:23.0.6] AndroidManifest.xml:29:5-82
52-->[com.google.firebase:firebase-messaging:23.0.6] AndroidManifest.xml:29:22-79
53    <uses-permission android:name="com.google.android.finsky.permission.BIND_GET_INSTALL_REFERRER_SERVICE" />
53-->[com.google.android.gms:play-services-measurement:21.1.0] AndroidManifest.xml:26:5-110
53-->[com.google.android.gms:play-services-measurement:21.1.0] AndroidManifest.xml:26:22-107
54    <uses-permission android:name="com.google.android.gms.permission.AD_ID" />
54-->[com.google.android.gms:play-services-measurement-api:21.1.0] AndroidManifest.xml:25:5-79
54-->[com.google.android.gms:play-services-measurement-api:21.1.0] AndroidManifest.xml:25:22-76
55
56    <permission
56-->[androidx.core:core:1.9.0] AndroidManifest.xml:22:5-24:47
57        android:name="come.session.assignment.DYNAMIC_RECEIVER_NOT_EXPORTED_PERMISSION"
57-->[androidx.core:core:1.9.0] AndroidManifest.xml:23:9-81
58        android:protectionLevel="signature" />
58-->[androidx.core:core:1.9.0] AndroidManifest.xml:24:9-44
59
60    <uses-permission android:name="come.session.assignment.DYNAMIC_RECEIVER_NOT_EXPORTED_PERMISSION" /> <!-- for android -->
60-->[androidx.core:core:1.9.0] AndroidManifest.xml:26:5-97
60-->[androidx.core:core:1.9.0] AndroidManifest.xml:26:22-94
61    <!-- <uses-permission android:name="com.android.launcher.permission.READ_SETTINGS"/> -->
62    <!-- <uses-permission android:name="com.android.launcher.permission.WRITE_SETTINGS"/> -->
63    <!-- <uses-permission android:name="com.android.launcher.permission.INSTALL_SHORTCUT" /> -->
64    <!-- <uses-permission android:name="com.android.launcher.permission.UNINSTALL_SHORTCUT" /> -->
65    <!-- for Samsung -->
66    <uses-permission android:name="com.sec.android.provider.badge.permission.READ" />
66-->[me.leolin:ShortcutBadger:1.1.22] AndroidManifest.xml:19:5-86
66-->[me.leolin:ShortcutBadger:1.1.22] AndroidManifest.xml:19:22-83
67    <uses-permission android:name="com.sec.android.provider.badge.permission.WRITE" /> <!-- for htc -->
67-->[me.leolin:ShortcutBadger:1.1.22] AndroidManifest.xml:20:5-87
67-->[me.leolin:ShortcutBadger:1.1.22] AndroidManifest.xml:20:22-84
68    <uses-permission android:name="com.htc.launcher.permission.READ_SETTINGS" />
68-->[me.leolin:ShortcutBadger:1.1.22] AndroidManifest.xml:23:5-81
68-->[me.leolin:ShortcutBadger:1.1.22] AndroidManifest.xml:23:22-78
69    <uses-permission android:name="com.htc.launcher.permission.UPDATE_SHORTCUT" /> <!-- for sony -->
69-->[me.leolin:ShortcutBadger:1.1.22] AndroidManifest.xml:24:5-83
69-->[me.leolin:ShortcutBadger:1.1.22] AndroidManifest.xml:24:22-80
70    <uses-permission android:name="com.sonyericsson.home.permission.BROADCAST_BADGE" />
70-->[me.leolin:ShortcutBadger:1.1.22] AndroidManifest.xml:27:5-88
70-->[me.leolin:ShortcutBadger:1.1.22] AndroidManifest.xml:27:22-85
71    <uses-permission android:name="com.sonymobile.home.permission.PROVIDER_INSERT_BADGE" /> <!-- for apex -->
71-->[me.leolin:ShortcutBadger:1.1.22] AndroidManifest.xml:28:5-92
71-->[me.leolin:ShortcutBadger:1.1.22] AndroidManifest.xml:28:22-89
72    <uses-permission android:name="com.anddoes.launcher.permission.UPDATE_COUNT" /> <!-- for solid -->
72-->[me.leolin:ShortcutBadger:1.1.22] AndroidManifest.xml:31:5-84
72-->[me.leolin:ShortcutBadger:1.1.22] AndroidManifest.xml:31:22-81
73    <uses-permission android:name="com.majeur.launcher.permission.UPDATE_BADGE" /> <!-- for huawei -->
73-->[me.leolin:ShortcutBadger:1.1.22] AndroidManifest.xml:34:5-83
73-->[me.leolin:ShortcutBadger:1.1.22] AndroidManifest.xml:34:22-80
74    <uses-permission android:name="com.huawei.android.launcher.permission.CHANGE_BADGE" />
74-->[me.leolin:ShortcutBadger:1.1.22] AndroidManifest.xml:37:5-91
74-->[me.leolin:ShortcutBadger:1.1.22] AndroidManifest.xml:37:22-88
75    <uses-permission android:name="com.huawei.android.launcher.permission.READ_SETTINGS" />
75-->[me.leolin:ShortcutBadger:1.1.22] AndroidManifest.xml:38:5-92
75-->[me.leolin:ShortcutBadger:1.1.22] AndroidManifest.xml:38:22-89
76    <uses-permission android:name="com.huawei.android.launcher.permission.WRITE_SETTINGS" /> <!-- for ZUK -->
76-->[me.leolin:ShortcutBadger:1.1.22] AndroidManifest.xml:39:5-93
76-->[me.leolin:ShortcutBadger:1.1.22] AndroidManifest.xml:39:22-90
77    <uses-permission android:name="android.permission.READ_APP_BADGE" /> <!-- for OPPO -->
77-->[me.leolin:ShortcutBadger:1.1.22] AndroidManifest.xml:42:5-73
77-->[me.leolin:ShortcutBadger:1.1.22] AndroidManifest.xml:42:22-70
78    <uses-permission android:name="com.oppo.launcher.permission.READ_SETTINGS" />
78-->[me.leolin:ShortcutBadger:1.1.22] AndroidManifest.xml:45:5-82
78-->[me.leolin:ShortcutBadger:1.1.22] AndroidManifest.xml:45:22-79
79    <uses-permission android:name="com.oppo.launcher.permission.WRITE_SETTINGS" /> <!-- for EvMe -->
79-->[me.leolin:ShortcutBadger:1.1.22] AndroidManifest.xml:46:5-83
79-->[me.leolin:ShortcutBadger:1.1.22] AndroidManifest.xml:46:22-80
80    <uses-permission android:name="me.everything.badger.permission.BADGE_COUNT_READ" />
80-->[me.leolin:ShortcutBadger:1.1.22] AndroidManifest.xml:49:5-88
80-->[me.leolin:ShortcutBadger:1.1.22] AndroidManifest.xml:49:22-85
81    <uses-permission android:name="me.everything.badger.permission.BADGE_COUNT_WRITE" />
81-->[me.leolin:ShortcutBadger:1.1.22] AndroidManifest.xml:50:5-89
81-->[me.leolin:ShortcutBadger:1.1.22] AndroidManifest.xml:50:22-86
82
83    <application
83-->src\main\AndroidManifest.xml:5:5-23:19
84        android:appComponentFactory="androidx.core.app.CoreComponentFactory"
84-->[androidx.core:core:1.9.0] AndroidManifest.xml:28:18-86
85        android:debuggable="true"
86        android:extractNativeLibs="false"
87        android:hardwareAccelerated="true"
87-->src\main\AndroidManifest.xml:5:18-52
88        android:icon="@mipmap/ic_launcher"
88-->src\main\AndroidManifest.xml:5:53-87
89        android:label="@string/app_name"
89-->src\main\AndroidManifest.xml:5:88-120
90        android:supportsRtl="true" >
90-->src\main\AndroidManifest.xml:5:121-147
91        <activity
91-->src\main\AndroidManifest.xml:6:9-11:20
92            android:name="come.session.assignment.MainActivity"
92-->src\main\AndroidManifest.xml:6:229-256
93            android:configChanges="orientation|keyboardHidden|keyboard|screenSize|locale|smallestScreenSize|screenLayout|uiMode"
93-->src\main\AndroidManifest.xml:6:19-135
94            android:exported="true"
94-->src\main\AndroidManifest.xml:6:136-159
95            android:label="@string/activity_name"
95-->src\main\AndroidManifest.xml:6:160-197
96            android:launchMode="singleTop"
96-->src\main\AndroidManifest.xml:6:198-228
97            android:theme="@style/Theme.App.SplashScreen"
97-->src\main\AndroidManifest.xml:6:257-302
98            android:windowSoftInputMode="adjustResize" >
98-->src\main\AndroidManifest.xml:6:303-345
99            <intent-filter android:label="@string/launcher_name" >
99-->src\main\AndroidManifest.xml:7:13-10:29
99-->src\main\AndroidManifest.xml:7:28-65
100                <action android:name="android.intent.action.MAIN" />
100-->src\main\AndroidManifest.xml:8:17-69
100-->src\main\AndroidManifest.xml:8:25-66
101
102                <category android:name="android.intent.category.LAUNCHER" />
102-->src\main\AndroidManifest.xml:9:17-77
102-->src\main\AndroidManifest.xml:9:27-74
103            </intent-filter>
104        </activity>
105
106        <provider
107            android:name="org.apache.cordova.camera.FileProvider"
107-->src\main\AndroidManifest.xml:12:149-202
108            android:authorities="come.session.assignment.cordova.plugin.camera.provider"
108-->src\main\AndroidManifest.xml:12:19-88
109            android:exported="false"
109-->src\main\AndroidManifest.xml:12:89-113
110            android:grantUriPermissions="true" >
110-->src\main\AndroidManifest.xml:12:114-148
111            <meta-data
111-->src\main\AndroidManifest.xml:13:13-123
112                android:name="android.support.FILE_PROVIDER_PATHS"
112-->src\main\AndroidManifest.xml:13:24-74
113                android:resource="@xml/camera_provider_paths" />
113-->src\main\AndroidManifest.xml:13:75-120
114        </provider>
115
116        <service
116-->src\main\AndroidManifest.xml:15:9-19:19
117            android:name="by.chemerisuk.cordova.firebase.FirebaseMessagingPluginService"
117-->src\main\AndroidManifest.xml:15:43-119
118            android:exported="false" >
118-->src\main\AndroidManifest.xml:15:18-42
119            <intent-filter>
119-->src\main\AndroidManifest.xml:16:13-18:29
120                <action android:name="com.google.firebase.MESSAGING_EVENT" />
120-->src\main\AndroidManifest.xml:17:17-78
120-->src\main\AndroidManifest.xml:17:25-75
121            </intent-filter>
122        </service>
123
124        <meta-data
124-->src\main\AndroidManifest.xml:20:9-123
125            android:name="com.google.firebase.messaging.default_notification_channel_id"
125-->src\main\AndroidManifest.xml:20:20-96
126            android:value="default" />
126-->src\main\AndroidManifest.xml:20:97-120
127        <meta-data
127-->src\main\AndroidManifest.xml:21:9-96
128            android:name="firebase_analytics_collection_enabled"
128-->src\main\AndroidManifest.xml:21:20-72
129            android:value="true" />
129-->src\main\AndroidManifest.xml:21:73-93
130        <meta-data
130-->src\main\AndroidManifest.xml:22:9-110
131            android:name="google_analytics_automatic_screen_reporting_enabled"
131-->src\main\AndroidManifest.xml:22:20-86
132            android:value="true" />
132-->src\main\AndroidManifest.xml:22:87-107
133
134        <receiver
134-->[com.google.firebase:firebase-messaging:23.0.6] AndroidManifest.xml:32:9-39:20
135            android:name="com.google.firebase.iid.FirebaseInstanceIdReceiver"
135-->[com.google.firebase:firebase-messaging:23.0.6] AndroidManifest.xml:33:13-78
136            android:exported="true"
136-->[com.google.firebase:firebase-messaging:23.0.6] AndroidManifest.xml:34:13-36
137            android:permission="com.google.android.c2dm.permission.SEND" >
137-->[com.google.firebase:firebase-messaging:23.0.6] AndroidManifest.xml:35:13-73
138            <intent-filter>
138-->[com.google.firebase:firebase-messaging:23.0.6] AndroidManifest.xml:36:13-38:29
139                <action android:name="com.google.android.c2dm.intent.RECEIVE" />
139-->[com.google.firebase:firebase-messaging:23.0.6] AndroidManifest.xml:37:17-81
139-->[com.google.firebase:firebase-messaging:23.0.6] AndroidManifest.xml:37:25-78
140            </intent-filter>
141        </receiver>
142        <!--
143             FirebaseMessagingService performs security checks at runtime,
144             but set to not exported to explicitly avoid allowing another app to call it.
145        -->
146        <service
146-->[com.google.firebase:firebase-messaging:23.0.6] AndroidManifest.xml:45:9-52:19
147            android:name="com.google.firebase.messaging.FirebaseMessagingService"
147-->[com.google.firebase:firebase-messaging:23.0.6] AndroidManifest.xml:46:13-82
148            android:directBootAware="true"
148-->[com.google.firebase:firebase-messaging:23.0.6] AndroidManifest.xml:47:13-43
149            android:exported="false" >
149-->[com.google.firebase:firebase-messaging:23.0.6] AndroidManifest.xml:48:13-37
150            <intent-filter android:priority="-500" >
150-->src\main\AndroidManifest.xml:16:13-18:29
151                <action android:name="com.google.firebase.MESSAGING_EVENT" />
151-->src\main\AndroidManifest.xml:17:17-78
151-->src\main\AndroidManifest.xml:17:25-75
152            </intent-filter>
153        </service>
154        <service
154-->[com.google.firebase:firebase-messaging:23.0.6] AndroidManifest.xml:53:9-59:19
155            android:name="com.google.firebase.components.ComponentDiscoveryService"
155-->[com.google.firebase:firebase-messaging:23.0.6] AndroidManifest.xml:54:13-84
156            android:directBootAware="true"
156-->[com.google.firebase:firebase-common:20.1.1] AndroidManifest.xml:35:13-43
157            android:exported="false" >
157-->[com.google.firebase:firebase-messaging:23.0.6] AndroidManifest.xml:55:13-37
158            <meta-data
158-->[com.google.firebase:firebase-messaging:23.0.6] AndroidManifest.xml:56:13-58:85
159                android:name="com.google.firebase.components:com.google.firebase.messaging.FirebaseMessagingRegistrar"
159-->[com.google.firebase:firebase-messaging:23.0.6] AndroidManifest.xml:57:17-119
160                android:value="com.google.firebase.components.ComponentRegistrar" />
160-->[com.google.firebase:firebase-messaging:23.0.6] AndroidManifest.xml:58:17-82
161            <meta-data
161-->[com.google.android.gms:play-services-measurement-api:21.1.0] AndroidManifest.xml:31:13-33:85
162                android:name="com.google.firebase.components:com.google.firebase.analytics.connector.internal.AnalyticsConnectorRegistrar"
162-->[com.google.android.gms:play-services-measurement-api:21.1.0] AndroidManifest.xml:32:17-139
163                android:value="com.google.firebase.components.ComponentRegistrar" />
163-->[com.google.android.gms:play-services-measurement-api:21.1.0] AndroidManifest.xml:33:17-82
164            <meta-data
164-->[com.google.firebase:firebase-installations:17.0.1] AndroidManifest.xml:18:13-20:85
165                android:name="com.google.firebase.components:com.google.firebase.installations.FirebaseInstallationsRegistrar"
165-->[com.google.firebase:firebase-installations:17.0.1] AndroidManifest.xml:19:17-127
166                android:value="com.google.firebase.components.ComponentRegistrar" />
166-->[com.google.firebase:firebase-installations:17.0.1] AndroidManifest.xml:20:17-82
167            <meta-data
167-->[com.google.firebase:firebase-datatransport:18.1.5] AndroidManifest.xml:28:13-30:85
168                android:name="com.google.firebase.components:com.google.firebase.datatransport.TransportRegistrar"
168-->[com.google.firebase:firebase-datatransport:18.1.5] AndroidManifest.xml:29:17-115
169                android:value="com.google.firebase.components.ComponentRegistrar" />
169-->[com.google.firebase:firebase-datatransport:18.1.5] AndroidManifest.xml:30:17-82
170        </service>
171
172        <activity
172-->[com.google.android.gms:play-services-base:18.0.1] AndroidManifest.xml:20:9-22:45
173            android:name="com.google.android.gms.common.api.GoogleApiActivity"
173-->[com.google.android.gms:play-services-base:18.0.1] AndroidManifest.xml:20:19-85
174            android:exported="false"
174-->[com.google.android.gms:play-services-base:18.0.1] AndroidManifest.xml:22:19-43
175            android:theme="@android:style/Theme.Translucent.NoTitleBar" />
175-->[com.google.android.gms:play-services-base:18.0.1] AndroidManifest.xml:21:19-78
176
177        <receiver
177-->[com.google.android.gms:play-services-measurement:21.1.0] AndroidManifest.xml:29:9-33:20
178            android:name="com.google.android.gms.measurement.AppMeasurementReceiver"
178-->[com.google.android.gms:play-services-measurement:21.1.0] AndroidManifest.xml:30:13-85
179            android:enabled="true"
179-->[com.google.android.gms:play-services-measurement:21.1.0] AndroidManifest.xml:31:13-35
180            android:exported="false" >
180-->[com.google.android.gms:play-services-measurement:21.1.0] AndroidManifest.xml:32:13-37
181        </receiver>
182
183        <service
183-->[com.google.android.gms:play-services-measurement:21.1.0] AndroidManifest.xml:35:9-38:40
184            android:name="com.google.android.gms.measurement.AppMeasurementService"
184-->[com.google.android.gms:play-services-measurement:21.1.0] AndroidManifest.xml:36:13-84
185            android:enabled="true"
185-->[com.google.android.gms:play-services-measurement:21.1.0] AndroidManifest.xml:37:13-35
186            android:exported="false" />
186-->[com.google.android.gms:play-services-measurement:21.1.0] AndroidManifest.xml:38:13-37
187        <service
187-->[com.google.android.gms:play-services-measurement:21.1.0] AndroidManifest.xml:39:9-43:72
188            android:name="com.google.android.gms.measurement.AppMeasurementJobService"
188-->[com.google.android.gms:play-services-measurement:21.1.0] AndroidManifest.xml:40:13-87
189            android:enabled="true"
189-->[com.google.android.gms:play-services-measurement:21.1.0] AndroidManifest.xml:41:13-35
190            android:exported="false"
190-->[com.google.android.gms:play-services-measurement:21.1.0] AndroidManifest.xml:42:13-37
191            android:permission="android.permission.BIND_JOB_SERVICE" />
191-->[com.google.android.gms:play-services-measurement:21.1.0] AndroidManifest.xml:43:13-69
192
193        <provider
193-->[com.google.firebase:firebase-common:20.1.1] AndroidManifest.xml:26:9-31:39
194            android:name="com.google.firebase.provider.FirebaseInitProvider"
194-->[com.google.firebase:firebase-common:20.1.1] AndroidManifest.xml:27:13-77
195            android:authorities="come.session.assignment.firebaseinitprovider"
195-->[com.google.firebase:firebase-common:20.1.1] AndroidManifest.xml:28:13-72
196            android:directBootAware="true"
196-->[com.google.firebase:firebase-common:20.1.1] AndroidManifest.xml:29:13-43
197            android:exported="false"
197-->[com.google.firebase:firebase-common:20.1.1] AndroidManifest.xml:30:13-37
198            android:initOrder="100" />
198-->[com.google.firebase:firebase-common:20.1.1] AndroidManifest.xml:31:13-36
199
200        <meta-data
200-->[com.google.android.gms:play-services-basement:18.0.0] AndroidManifest.xml:21:9-23:69
201            android:name="com.google.android.gms.version"
201-->[com.google.android.gms:play-services-basement:18.0.0] AndroidManifest.xml:22:13-58
202            android:value="@integer/google_play_services_version" />
202-->[com.google.android.gms:play-services-basement:18.0.0] AndroidManifest.xml:23:13-66
203
204        <provider
204-->[androidx.emoji2:emoji2:1.2.0] AndroidManifest.xml:24:9-32:20
205            android:name="androidx.startup.InitializationProvider"
205-->[androidx.emoji2:emoji2:1.2.0] AndroidManifest.xml:25:13-67
206            android:authorities="come.session.assignment.androidx-startup"
206-->[androidx.emoji2:emoji2:1.2.0] AndroidManifest.xml:26:13-68
207            android:exported="false" >
207-->[androidx.emoji2:emoji2:1.2.0] AndroidManifest.xml:27:13-37
208            <meta-data
208-->[androidx.emoji2:emoji2:1.2.0] AndroidManifest.xml:29:13-31:52
209                android:name="androidx.emoji2.text.EmojiCompatInitializer"
209-->[androidx.emoji2:emoji2:1.2.0] AndroidManifest.xml:30:17-75
210                android:value="androidx.startup" />
210-->[androidx.emoji2:emoji2:1.2.0] AndroidManifest.xml:31:17-49
211            <meta-data
211-->[androidx.lifecycle:lifecycle-process:2.4.1] AndroidManifest.xml:31:13-33:52
212                android:name="androidx.lifecycle.ProcessLifecycleInitializer"
212-->[androidx.lifecycle:lifecycle-process:2.4.1] AndroidManifest.xml:32:17-78
213                android:value="androidx.startup" />
213-->[androidx.lifecycle:lifecycle-process:2.4.1] AndroidManifest.xml:33:17-49
214        </provider>
215
216        <service
216-->[com.google.android.datatransport:transport-backend-cct:3.1.6] AndroidManifest.xml:29:9-35:19
217            android:name="com.google.android.datatransport.runtime.backends.TransportBackendDiscovery"
217-->[com.google.android.datatransport:transport-backend-cct:3.1.6] AndroidManifest.xml:30:13-103
218            android:exported="false" >
218-->[com.google.android.datatransport:transport-backend-cct:3.1.6] AndroidManifest.xml:31:13-37
219            <meta-data
219-->[com.google.android.datatransport:transport-backend-cct:3.1.6] AndroidManifest.xml:32:13-34:39
220                android:name="backend:com.google.android.datatransport.cct.CctBackendFactory"
220-->[com.google.android.datatransport:transport-backend-cct:3.1.6] AndroidManifest.xml:33:17-94
221                android:value="cct" />
221-->[com.google.android.datatransport:transport-backend-cct:3.1.6] AndroidManifest.xml:34:17-36
222        </service>
223        <service
223-->[com.google.android.datatransport:transport-runtime:3.1.6] AndroidManifest.xml:26:9-30:19
224            android:name="com.google.android.datatransport.runtime.scheduling.jobscheduling.JobInfoSchedulerService"
224-->[com.google.android.datatransport:transport-runtime:3.1.6] AndroidManifest.xml:27:13-117
225            android:exported="false"
225-->[com.google.android.datatransport:transport-runtime:3.1.6] AndroidManifest.xml:28:13-37
226            android:permission="android.permission.BIND_JOB_SERVICE" >
226-->[com.google.android.datatransport:transport-runtime:3.1.6] AndroidManifest.xml:29:13-69
227        </service>
228
229        <receiver
229-->[com.google.android.datatransport:transport-runtime:3.1.6] AndroidManifest.xml:32:9-34:40
230            android:name="com.google.android.datatransport.runtime.scheduling.jobscheduling.AlarmManagerSchedulerBroadcastReceiver"
230-->[com.google.android.datatransport:transport-runtime:3.1.6] AndroidManifest.xml:33:13-132
231            android:exported="false" />
231-->[com.google.android.datatransport:transport-runtime:3.1.6] AndroidManifest.xml:34:13-37
232    </application>
233
234</manifest>